composeApp/build/outputs/logs/manifest-merger-main-report.txt
-- Merging decision tree log ---
manifest
ADDED from tmp\ProcessLibraryManifest\tempAndroidManifest10334561017824713374.xml:2:13-83
INJECTED from tmp\ProcessLibraryManifest\tempAndroidManifest10334561017824713374.xml:2:13-83
	package
		INJECTED from tmp\ProcessLibraryManifest\tempAndroidManifest10334561017824713374.xml
	xmlns:android
		ADDED from tmp\ProcessLibraryManifest\tempAndroidManifest10334561017824713374.xml:2:23-81
uses-sdk
INJECTED from tmp\ProcessLibraryManifest\tempAndroidManifest10334561017824713374.xml reason: use-sdk injection requested
INJECTED from tmp\ProcessLibraryManifest\tempAndroidManifest10334561017824713374.xml
	android:minSdkVersion
		INJECTED from tmp\ProcessLibraryManifest\tempAndroidManifest10334561017824713374.xml